{"name": "Проверка счетчика заказов \"Выполнено за всё время\"", "status": "broken", "statusDetails": {"message": "selenium.common.exceptions.TimeoutException: Message: Element not found in ('xpath', './/p[@class=\"OrderFeed_number__2MbrQ text text_type_digits-large\"]')\nStacktrace:\nRemoteError@chrome://remote/content/shared/RemoteError.sys.mjs:8:8\nWebDriverError@chrome://remote/content/shared/webdriver/Errors.sys.mjs:191:5\nNoSuchElementError@chrome://remote/content/shared/webdriver/Errors.sys.mjs:509:5\ndom.find/</<@chrome://remote/content/shared/DOM.sys.mjs:136:16", "trace": "self = <tests.test_feed_order.TestFeedOrders object at 0x10b5a8910>, driver = <selenium.webdriver.firefox.webdriver.WebDriver (session=\"afff5530-0ada-497b-ac2f-d303531e1880\")>\n\n    @allure.title('Проверка счетчика заказов \"Выполнено за всё время\"')\n    def test_counter_for_all_time(self, driver):\n        user_auth = UserAuth(driver)\n        user_auth.go_to_site(Urls.base_url)\n        user_auth.user_auth(Account.first_user_email, Account.first_user_password)\n        feed_order = FeedOrders(driver)\n>       old_result = feed_order.counter_for_all_time()\n\ntest_feed_order.py:25: \n_ _ _ _ _ _ _ _ _ _ _ _ _ _ _ _ _ _ _ _ _ _ _ _ _ _ _ _ _ _ _ _ _ _ _ _ _ _ _ _ _ _ _ _ _ _ _ _ _ _ _ _ _ _ _ _ _ _ _ _ _ _ _ _ _ _ _ _ _ _ _ _ _ _ _ _ _ _ _ _ _ _ _ _ _ _ _ _ _ _ _ _ _ _ _ _ _ _ _ _ _ _ _ _ _ _ _ _ _ _ _ _ _ \n../pages/feed_order.py:42: in counter_for_all_time\n    counter_for_all_time = self.find_element_located(Feed.counter_for_all_time).text\n../pages/base_page.py:16: in find_element_located\n    return WebDriverWait(self.driver, time).until(EC.presence_of_element_located(locator),\n_ _ _ _ _ _ _ _ _ _ _ _ _ _ _ _ _ _ _ _ _ _ _ _ _ _ _ _ _ _ _ _ _ _ _ _ _ _ _ _ _ _ _ _ _ _ _ _ _ _ _ _ _ _ _ _ _ _ _ _ _ _ _ _ _ _ _ _ _ _ _ _ _ _ _ _ _ _ _ _ _ _ _ _ _ _ _ _ _ _ _ _ _ _ _ _ _ _ _ _ _ _ _ _ _ _ _ _ _ _ _ _ _ \n\nself = <selenium.webdriver.support.wait.WebDriverWait (session=\"afff5530-0ada-497b-ac2f-d303531e1880\")>, method = <function presence_of_element_located.<locals>._predicate at 0x10b5be5e0>\nmessage = 'Element not found in (\\'xpath\\', \\'.//p[@class=\"OrderFeed_number__2MbrQ text text_type_digits-large\"]\\')'\n\n    def until(self, method, message: str = \"\"):\n        \"\"\"Calls the method provided with the driver as an argument until the \\\n        return value does not evaluate to ``False``.\n    \n        :param method: callable(WebDriver)\n        :param message: optional message for :exc:`TimeoutException`\n        :returns: the result of the last call to `method`\n        :raises: :exc:`selenium.common.exceptions.TimeoutException` if timeout occurs\n        \"\"\"\n        screen = None\n        stacktrace = None\n    \n        end_time = time.monotonic() + self._timeout\n        while True:\n            try:\n                value = method(self._driver)\n                if value:\n                    return value\n            except self._ignored_exceptions as exc:\n                screen = getattr(exc, \"screen\", None)\n                stacktrace = getattr(exc, \"stacktrace\", None)\n            time.sleep(self._poll)\n            if time.monotonic() > end_time:\n                break\n>       raise TimeoutException(message, screen, stacktrace)\nE       selenium.common.exceptions.TimeoutException: Message: Element not found in ('xpath', './/p[@class=\"OrderFeed_number__2MbrQ text text_type_digits-large\"]')\nE       Stacktrace:\nE       RemoteError@chrome://remote/content/shared/RemoteError.sys.mjs:8:8\nE       WebDriverError@chrome://remote/content/shared/webdriver/Errors.sys.mjs:191:5\nE       NoSuchElementError@chrome://remote/content/shared/webdriver/Errors.sys.mjs:509:5\nE       dom.find/</<@chrome://remote/content/shared/DOM.sys.mjs:136:16\n\n/Users/luuf/Library/Python/3.9/lib/python/site-packages/selenium/webdriver/support/wait.py:95: TimeoutException"}, "steps": [{"name": "Авторизация пользователя", "status": "passed", "parameters": [{"name": "user_login", "value": "'luufqa@gmail.com'"}, {"name": "user_password", "value": "'3607833465'"}], "start": 1708856187774, "stop": 1708856188842}, {"name": "При создании нового заказа счётчик Выполнено за всё время увеличивается", "status": "broken", "statusDetails": {"message": "selenium.common.exceptions.TimeoutException: Message: Element not found in ('xpath', './/p[@class=\"OrderFeed_number__2MbrQ text text_type_digits-large\"]')\nStacktrace:\nRemoteError@chrome://remote/content/shared/RemoteError.sys.mjs:8:8\nWebDriverError@chrome://remote/content/shared/webdriver/Errors.sys.mjs:191:5\nNoSuchElementError@chrome://remote/content/shared/webdriver/Errors.sys.mjs:509:5\ndom.find/</<@chrome://remote/content/shared/DOM.sys.mjs:136:16\n\n", "trace": "  File \"/Users/luuf/Library/Python/3.9/lib/python/site-packages/allure_commons/_allure.py\", line 192, in impl\n    return func(*a, **kw)\n  File \"/Users/luuf/Desktop/Новая папка 3/Diplom_3/pages/feed_order.py\", line 42, in counter_for_all_time\n    counter_for_all_time = self.find_element_located(Feed.counter_for_all_time).text\n  File \"/Users/luuf/Desktop/Новая папка 3/Diplom_3/pages/base_page.py\", line 16, in find_element_located\n    return WebDriverWait(self.driver, time).until(EC.presence_of_element_located(locator),\n  File \"/Users/luuf/Library/Python/3.9/lib/python/site-packages/selenium/webdriver/support/wait.py\", line 95, in until\n    raise TimeoutException(message, screen, stacktrace)\n"}, "start": 1708856188842, "stop": 1708856199825}], "parameters": [{"name": "driver", "value": "'firefox'"}], "start": 1708856185583, "stop": 1708856199838, "uuid": "618fe6d0-8f75-4e81-9211-f870dbf25d9b", "historyId": "75c17094e6b840c3ee724d08bb595490", "testCaseId": "49675ea7a35899b23aa8d84db8a2f75c", "fullName": "test_feed_order.TestFeedOrders#test_counter_for_all_time", "labels": [{"name": "suite", "value": "test_feed_order"}, {"name": "subSuite", "value": "TestFeedOrders"}, {"name": "host", "value": "MacBook-Air-Aleksej.local"}, {"name": "thread", "value": "15785-MainThread"}, {"name": "framework", "value": "pytest"}, {"name": "language", "value": "cpython3"}, {"name": "package", "value": "test_feed_order"}]}