{"name": "Проверка основного функционала", "status": "failed", "statusDetails": {"message": "AssertionError: assert 4 == 5\n +  where 4 = len('9999')", "trace": "self = <tests.test_main_function.TestMainFunction object at 0x10e8332b0>, driver = <selenium.webdriver.firefox.webdriver.WebDriver (session=\"9fdaf7ef-22a4-4a72-8f6b-9892790aa80f\")>\n\n    @allure.title('Проверка основного функционала')\n    def test_main_function(self, driver):\n        base_page = BasePage(driver)\n        base_page.go_to_site('https://stellarburgers.nomoreparties.site/')\n        main_function = MainFunction(driver)\n        user_auth = UserAuth(driver)\n        user_auth.user_auth()\n        res = main_function.main_function()\n>       assert len(res) == 5\nE       AssertionError: assert 4 == 5\nE        +  where 4 = len('9999')\n\ntests/test_main_function.py:17: AssertionError"}, "steps": [{"name": "Авторизация пользователя", "status": "passed", "start": 1708676275725, "stop": 1708676281484}, {"name": "Создание нового заказа", "status": "passed", "start": 1708676281484, "stop": 1708676288991}], "parameters": [{"name": "driver", "value": "'firefox'"}], "start": 1708676273708, "stop": 1708676288992, "uuid": "759d475d-abd5-4280-935b-b4e3246406f2", "historyId": "9637a22086e5435b88bda59200c56c04", "testCaseId": "512c757d451dd94ddc30cfa32c204b38", "fullName": "tests.test_main_function.TestMainFunction#test_main_function", "labels": [{"name": "parentSuite", "value": "tests"}, {"name": "suite", "value": "test_main_function"}, {"name": "subSuite", "value": "TestMainFunction"}, {"name": "host", "value": "MacBook-Air-Aleksej.local"}, {"name": "thread", "value": "1897-MainThread"}, {"name": "framework", "value": "pytest"}, {"name": "language", "value": "cpython3"}, {"name": "package", "value": "tests.test_main_function"}]}